<?xml version="1.0" encoding="UTF-8"?>
<coverage generated="1749631085742" clover="3.2.0">
  <project timestamp="1749631085742" name="All files">
    <metrics statements="26" coveredstatements="26" conditionals="14" coveredconditionals="14" methods="6" coveredmethods="6" elements="46" coveredelements="46" complexity="0" loc="26" ncloc="26" packages="1" files="1" classes="1"/>
    <file name="validator.ts" path="/mnt/e/validate_data_ts/data-validator/src/validator.ts">
      <metrics statements="26" coveredstatements="26" conditionals="14" coveredconditionals="14" methods="6" coveredmethods="6"/>
      <line num="3" count="1" type="stmt"/>
      <line num="4" count="11" type="stmt"/>
      <line num="5" count="11" type="cond" truecount="1" falsecount="0"/>
      <line num="6" count="5" type="stmt"/>
      <line num="9" count="6" type="stmt"/>
      <line num="10" count="6" type="stmt"/>
      <line num="11" count="6" type="cond" truecount="1" falsecount="0"/>
      <line num="12" count="2" type="stmt"/>
      <line num="14" count="4" type="stmt"/>
      <line num="17" count="1" type="stmt"/>
      <line num="18" count="10" type="stmt"/>
      <line num="19" count="10" type="cond" truecount="2" falsecount="0"/>
      <line num="22" count="1" type="stmt"/>
      <line num="23" count="21" type="stmt"/>
      <line num="26" count="1" type="stmt"/>
      <line num="27" count="10" type="cond" truecount="2" falsecount="0"/>
      <line num="30" count="1" type="stmt"/>
      <line num="31" count="20" type="cond" truecount="2" falsecount="0"/>
      <line num="34" count="1" type="stmt"/>
      <line num="35" count="11" type="cond" truecount="6" falsecount="0"/>
      <line num="37" count="2" type="stmt"/>
      <line num="39" count="2" type="stmt"/>
      <line num="41" count="2" type="stmt"/>
      <line num="43" count="2" type="stmt"/>
      <line num="45" count="2" type="stmt"/>
      <line num="47" count="1" type="stmt"/>
    </file>
  </project>
</coverage>
