{"/mnt/e/validate_data_ts/data-validator/src/validator.ts": {"path":"/mnt/e/validate_data_ts/data-validator/src/validator.ts","statementMap":{"0":{"start":{"line":3,"column":0},"end":{"line":3,"column":16}},"1":{"start":{"line":17,"column":0},"end":{"line":17,"column":16}},"2":{"start":{"line":22,"column":0},"end":{"line":22,"column":16}},"3":{"start":{"line":26,"column":0},"end":{"line":26,"column":16}},"4":{"start":{"line":30,"column":0},"end":{"line":30,"column":16}},"5":{"start":{"line":34,"column":0},"end":{"line":34,"column":16}},"6":{"start":{"line":4,"column":22},"end":{"line":4,"column":43}},"7":{"start":{"line":5,"column":2},"end":{"line":7,"column":3}},"8":{"start":{"line":6,"column":4},"end":{"line":6,"column":17}},"9":{"start":{"line":9,"column":15},"end":{"line":9,"column":35}},"10":{"start":{"line":10,"column":20},"end":{"line":10,"column":34}},"11":{"start":{"line":11,"column":2},"end":{"line":13,"column":3}},"12":{"start":{"line":12,"column":4},"end":{"line":12,"column":17}},"13":{"start":{"line":14,"column":2},"end":{"line":14,"column":14}},"14":{"start":{"line":18,"column":21},"end":{"line":18,"column":49}},"15":{"start":{"line":19,"column":2},"end":{"line":19,"column":57}},"16":{"start":{"line":23,"column":2},"end":{"line":23,"column":35}},"17":{"start":{"line":27,"column":2},"end":{"line":27,"column":45}},"18":{"start":{"line":31,"column":2},"end":{"line":31,"column":53}},"19":{"start":{"line":35,"column":2},"end":{"line":48,"column":3}},"20":{"start":{"line":37,"column":6},"end":{"line":37,"column":34}},"21":{"start":{"line":39,"column":6},"end":{"line":39,"column":34}},"22":{"start":{"line":41,"column":6},"end":{"line":41,"column":42}},"23":{"start":{"line":43,"column":6},"end":{"line":43,"column":32}},"24":{"start":{"line":45,"column":6},"end":{"line":45,"column":33}},"25":{"start":{"line":47,"column":6},"end":{"line":47,"column":73}}},"fnMap":{"0":{"name":"validateDate","decl":{"start":{"line":3,"column":16},"end":{"line":3,"column":28}},"loc":{"start":{"line":3,"column":47},"end":{"line":15,"column":1}}},"1":{"name":"validateEmail","decl":{"start":{"line":17,"column":16},"end":{"line":17,"column":29}},"loc":{"start":{"line":17,"column":43},"end":{"line":20,"column":1}}},"2":{"name":"validateNumber","decl":{"start":{"line":22,"column":16},"end":{"line":22,"column":30}},"loc":{"start":{"line":22,"column":41},"end":{"line":24,"column":1}}},"3":{"name":"validateNumberPositive","decl":{"start":{"line":26,"column":16},"end":{"line":26,"column":38}},"loc":{"start":{"line":26,"column":49},"end":{"line":28,"column":1}}},"4":{"name":"validateString","decl":{"start":{"line":30,"column":16},"end":{"line":30,"column":30}},"loc":{"start":{"line":30,"column":41},"end":{"line":32,"column":1}}},"5":{"name":"validateData","decl":{"start":{"line":34,"column":16},"end":{"line":34,"column":28}},"loc":{"start":{"line":34,"column":58},"end":{"line":49,"column":1}}}},"branchMap":{"0":{"loc":{"start":{"line":5,"column":2},"end":{"line":7,"column":3}},"type":"if","locations":[{"start":{"line":5,"column":2},"end":{"line":7,"column":3}}]},"1":{"loc":{"start":{"line":11,"column":2},"end":{"line":13,"column":3}},"type":"if","locations":[{"start":{"line":11,"column":2},"end":{"line":13,"column":3}}]},"2":{"loc":{"start":{"line":19,"column":9},"end":{"line":19,"column":56}},"type":"binary-expr","locations":[{"start":{"line":19,"column":9},"end":{"line":19,"column":30}},{"start":{"line":19,"column":34},"end":{"line":19,"column":56}}]},"3":{"loc":{"start":{"line":27,"column":9},"end":{"line":27,"column":44}},"type":"binary-expr","locations":[{"start":{"line":27,"column":9},"end":{"line":27,"column":30}},{"start":{"line":27,"column":34},"end":{"line":27,"column":44}}]},"4":{"loc":{"start":{"line":31,"column":17},"end":{"line":31,"column":51}},"type":"binary-expr","locations":[{"start":{"line":31,"column":17},"end":{"line":31,"column":42}},{"start":{"line":31,"column":46},"end":{"line":31,"column":51}}]},"5":{"loc":{"start":{"line":35,"column":2},"end":{"line":48,"column":3}},"type":"switch","locations":[{"start":{"line":36,"column":4},"end":{"line":37,"column":34}},{"start":{"line":38,"column":4},"end":{"line":39,"column":34}},{"start":{"line":40,"column":4},"end":{"line":41,"column":42}},{"start":{"line":42,"column":4},"end":{"line":43,"column":32}},{"start":{"line":44,"column":4},"end":{"line":45,"column":33}},{"start":{"line":46,"column":4},"end":{"line":47,"column":73}}]}},"s":{"0":1,"1":1,"2":1,"3":1,"4":1,"5":1,"6":11,"7":11,"8":5,"9":6,"10":6,"11":6,"12":2,"13":4,"14":10,"15":10,"16":21,"17":10,"18":20,"19":11,"20":2,"21":2,"22":2,"23":2,"24":2,"25":1},"f":{"0":11,"1":10,"2":21,"3":10,"4":20,"5":11},"b":{"0":[5],"1":[2],"2":[10,9],"3":[10,7],"4":[20,14],"5":[2,2,2,2,2,1]}}
}
