TN:
SF:src/validator.ts
FN:3,validateDate
FN:17,validateEmail
FN:22,validateNumber
FN:26,validateNumberPositive
FN:30,validateString
FN:34,validateData
FNF:6
FNH:6
FNDA:11,validateDate
FNDA:10,validateEmail
FNDA:21,validateNumber
FNDA:10,validateNumberPositive
FNDA:20,validateString
FNDA:11,validateData
DA:3,1
DA:4,11
DA:5,11
DA:6,5
DA:9,6
DA:10,6
DA:11,6
DA:12,2
DA:14,4
DA:17,1
DA:18,10
DA:19,10
DA:22,1
DA:23,21
DA:26,1
DA:27,10
DA:30,1
DA:31,20
DA:34,1
DA:35,11
DA:37,2
DA:39,2
DA:41,2
DA:43,2
DA:45,2
DA:47,1
LF:26
LH:26
BRDA:5,0,0,5
BRDA:11,1,0,2
BRDA:19,2,0,10
BRDA:19,2,1,9
BRDA:27,3,0,10
BRDA:27,3,1,7
BRDA:31,4,0,20
BRDA:31,4,1,14
BRDA:35,5,0,2
BRDA:35,5,1,2
BRDA:35,5,2,2
BRDA:35,5,3,2
BRDA:35,5,4,2
BRDA:35,5,5,1
BRF:14
BRH:14
end_of_record
